<?xml version="1.0" encoding="UTF-8"?>
<testsuite xmlns:xsi="http://www.w3.org/2001/XMLSchema-instance" xsi:noNamespaceSchemaLocation="https://maven.apache.org/surefire/maven-surefire-plugin/xsd/surefire-test-report.xsd" name="com.example.helloworld.HelloworldApplicationTests" time="2.985" tests="1" errors="0" skipped="0" failures="0">
  <properties>
    <property name="sun.desktop" value="windows"/>
    <property name="awt.toolkit" value="sun.awt.windows.WToolkit"/>
    <property name="file.encoding.pkg" value="sun.io"/>
    <property name="java.specification.version" value="1.8"/>
    <property name="sun.cpu.isalist" value="amd64"/>
    <property name="sun.jnu.encoding" value="GBK"/>
    <property name="java.class.path" value="D:\developingHome\java\idea\2021dev\117git\helloworld0302git\target\test-classes;D:\developingHome\java\idea\2021dev\117git\helloworld0302git\target\classes;D:\Repository\org\springframework\boot\spring-boot-starter-web\2.6.4\spring-boot-starter-web-2.6.4.jar;D:\Repository\org\springframework\boot\spring-boot-starter\2.6.4\spring-boot-starter-2.6.4.jar;D:\Repository\org\springframework\boot\spring-boot\2.6.4\spring-boot-2.6.4.jar;D:\Repository\org\springframework\boot\spring-boot-autoconfigure\2.6.4\spring-boot-autoconfigure-2.6.4.jar;D:\Repository\org\springframework\boot\spring-boot-starter-logging\2.6.4\spring-boot-starter-logging-2.6.4.jar;D:\Repository\ch\qos\logback\logback-classic\1.2.10\logback-classic-1.2.10.jar;D:\Repository\ch\qos\logback\logback-core\1.2.10\logback-core-1.2.10.jar;D:\Repository\org\apache\logging\log4j\log4j-to-slf4j\2.17.1\log4j-to-slf4j-2.17.1.jar;D:\Repository\org\apache\logging\log4j\log4j-api\2.17.1\log4j-api-2.17.1.jar;D:\Repository\org\slf4j\jul-to-slf4j\1.7.36\jul-to-slf4j-1.7.36.jar;D:\Repository\jakarta\annotation\jakarta.annotation-api\1.3.5\jakarta.annotation-api-1.3.5.jar;D:\Repository\org\yaml\snakeyaml\1.29\snakeyaml-1.29.jar;D:\Repository\org\springframework\boot\spring-boot-starter-json\2.6.4\spring-boot-starter-json-2.6.4.jar;D:\Repository\com\fasterxml\jackson\core\jackson-databind\2.13.1\jackson-databind-2.13.1.jar;D:\Repository\com\fasterxml\jackson\core\jackson-annotations\2.13.1\jackson-annotations-2.13.1.jar;D:\Repository\com\fasterxml\jackson\core\jackson-core\2.13.1\jackson-core-2.13.1.jar;D:\Repository\com\fasterxml\jackson\datatype\jackson-datatype-jdk8\2.13.1\jackson-datatype-jdk8-2.13.1.jar;D:\Repository\com\fasterxml\jackson\datatype\jackson-datatype-jsr310\2.13.1\jackson-datatype-jsr310-2.13.1.jar;D:\Repository\com\fasterxml\jackson\module\jackson-module-parameter-names\2.13.1\jackson-module-parameter-names-2.13.1.jar;D:\Repository\org\springframework\boot\spring-boot-starter-tomcat\2.6.4\spring-boot-starter-tomcat-2.6.4.jar;D:\Repository\org\apache\tomcat\embed\tomcat-embed-core\9.0.58\tomcat-embed-core-9.0.58.jar;D:\Repository\org\apache\tomcat\embed\tomcat-embed-el\9.0.58\tomcat-embed-el-9.0.58.jar;D:\Repository\org\apache\tomcat\embed\tomcat-embed-websocket\9.0.58\tomcat-embed-websocket-9.0.58.jar;D:\Repository\org\springframework\spring-web\5.3.16\spring-web-5.3.16.jar;D:\Repository\org\springframework\spring-beans\5.3.16\spring-beans-5.3.16.jar;D:\Repository\org\springframework\spring-webmvc\5.3.16\spring-webmvc-5.3.16.jar;D:\Repository\org\springframework\spring-aop\5.3.16\spring-aop-5.3.16.jar;D:\Repository\org\springframework\spring-context\5.3.16\spring-context-5.3.16.jar;D:\Repository\org\springframework\spring-expression\5.3.16\spring-expression-5.3.16.jar;D:\Repository\org\projectlombok\lombok\1.18.22\lombok-1.18.22.jar;D:\Repository\org\springframework\boot\spring-boot-starter-test\2.6.4\spring-boot-starter-test-2.6.4.jar;D:\Repository\org\springframework\boot\spring-boot-test\2.6.4\spring-boot-test-2.6.4.jar;D:\Repository\org\springframework\boot\spring-boot-test-autoconfigure\2.6.4\spring-boot-test-autoconfigure-2.6.4.jar;D:\Repository\com\jayway\jsonpath\json-path\2.6.0\json-path-2.6.0.jar;D:\Repository\net\minidev\json-smart\2.4.8\json-smart-2.4.8.jar;D:\Repository\net\minidev\accessors-smart\2.4.8\accessors-smart-2.4.8.jar;D:\Repository\org\ow2\asm\asm\9.1\asm-9.1.jar;D:\Repository\org\slf4j\slf4j-api\1.7.36\slf4j-api-1.7.36.jar;D:\Repository\jakarta\xml\bind\jakarta.xml.bind-api\2.3.3\jakarta.xml.bind-api-2.3.3.jar;D:\Repository\jakarta\activation\jakarta.activation-api\1.2.2\jakarta.activation-api-1.2.2.jar;D:\Repository\org\assertj\assertj-core\3.21.0\assertj-core-3.21.0.jar;D:\Repository\org\hamcrest\hamcrest\2.2\hamcrest-2.2.jar;D:\Repository\org\junit\jupiter\junit-jupiter\5.8.2\junit-jupiter-5.8.2.jar;D:\Repository\org\junit\jupiter\junit-jupiter-api\5.8.2\junit-jupiter-api-5.8.2.jar;D:\Repository\org\opentest4j\opentest4j\1.2.0\opentest4j-1.2.0.jar;D:\Repository\org\junit\platform\junit-platform-commons\1.8.2\junit-platform-commons-1.8.2.jar;D:\Repository\org\apiguardian\apiguardian-api\1.1.2\apiguardian-api-1.1.2.jar;D:\Repository\org\junit\jupiter\junit-jupiter-params\5.8.2\junit-jupiter-params-5.8.2.jar;D:\Repository\org\junit\jupiter\junit-jupiter-engine\5.8.2\junit-jupiter-engine-5.8.2.jar;D:\Repository\org\junit\platform\junit-platform-engine\1.8.2\junit-platform-engine-1.8.2.jar;D:\Repository\org\mockito\mockito-core\4.0.0\mockito-core-4.0.0.jar;D:\Repository\net\bytebuddy\byte-buddy\1.11.22\byte-buddy-1.11.22.jar;D:\Repository\net\bytebuddy\byte-buddy-agent\1.11.22\byte-buddy-agent-1.11.22.jar;D:\Repository\org\objenesis\objenesis\3.2\objenesis-3.2.jar;D:\Repository\org\mockito\mockito-junit-jupiter\4.0.0\mockito-junit-jupiter-4.0.0.jar;D:\Repository\org\skyscreamer\jsonassert\1.5.0\jsonassert-1.5.0.jar;D:\Repository\com\vaadin\external\google\android-json\0.0.20131108.vaadin1\android-json-0.0.20131108.vaadin1.jar;D:\Repository\org\springframework\spring-core\5.3.16\spring-core-5.3.16.jar;D:\Repository\org\springframework\spring-jcl\5.3.16\spring-jcl-5.3.16.jar;D:\Repository\org\springframework\spring-test\5.3.16\spring-test-5.3.16.jar;D:\Repository\org\xmlunit\xmlunit-core\2.8.4\xmlunit-core-2.8.4.jar;"/>
    <property name="java.vm.vendor" value="Oracle Corporation"/>
    <property name="sun.arch.data.model" value="64"/>
    <property name="user.variant" value=""/>
    <property name="java.vendor.url" value="http://java.oracle.com/"/>
    <property name="user.timezone" value="Asia/Shanghai"/>
    <property name="java.vm.specification.version" value="1.8"/>
    <property name="os.name" value="Windows 10"/>
    <property name="user.country" value="CN"/>
    <property name="sun.java.launcher" value="SUN_STANDARD"/>
    <property name="sun.boot.library.path" value="E:\Java\jdk1.8.0_201\jre\bin"/>
    <property name="sun.java.command" value="C:\Users\dell\AppData\Local\Temp\surefire8570656528412738679\surefirebooter1704332452803761559.jar C:\Users\dell\AppData\Local\Temp\surefire8570656528412738679 2022-03-02T20-15-41_120-jvmRun1 surefire7238920024610113491tmp surefire_01545262338317680274tmp"/>
    <property name="surefire.test.class.path" value="D:\developingHome\java\idea\2021dev\117git\helloworld0302git\target\test-classes;D:\developingHome\java\idea\2021dev\117git\helloworld0302git\target\classes;D:\Repository\org\springframework\boot\spring-boot-starter-web\2.6.4\spring-boot-starter-web-2.6.4.jar;D:\Repository\org\springframework\boot\spring-boot-starter\2.6.4\spring-boot-starter-2.6.4.jar;D:\Repository\org\springframework\boot\spring-boot\2.6.4\spring-boot-2.6.4.jar;D:\Repository\org\springframework\boot\spring-boot-autoconfigure\2.6.4\spring-boot-autoconfigure-2.6.4.jar;D:\Repository\org\springframework\boot\spring-boot-starter-logging\2.6.4\spring-boot-starter-logging-2.6.4.jar;D:\Repository\ch\qos\logback\logback-classic\1.2.10\logback-classic-1.2.10.jar;D:\Repository\ch\qos\logback\logback-core\1.2.10\logback-core-1.2.10.jar;D:\Repository\org\apache\logging\log4j\log4j-to-slf4j\2.17.1\log4j-to-slf4j-2.17.1.jar;D:\Repository\org\apache\logging\log4j\log4j-api\2.17.1\log4j-api-2.17.1.jar;D:\Repository\org\slf4j\jul-to-slf4j\1.7.36\jul-to-slf4j-1.7.36.jar;D:\Repository\jakarta\annotation\jakarta.annotation-api\1.3.5\jakarta.annotation-api-1.3.5.jar;D:\Repository\org\yaml\snakeyaml\1.29\snakeyaml-1.29.jar;D:\Repository\org\springframework\boot\spring-boot-starter-json\2.6.4\spring-boot-starter-json-2.6.4.jar;D:\Repository\com\fasterxml\jackson\core\jackson-databind\2.13.1\jackson-databind-2.13.1.jar;D:\Repository\com\fasterxml\jackson\core\jackson-annotations\2.13.1\jackson-annotations-2.13.1.jar;D:\Repository\com\fasterxml\jackson\core\jackson-core\2.13.1\jackson-core-2.13.1.jar;D:\Repository\com\fasterxml\jackson\datatype\jackson-datatype-jdk8\2.13.1\jackson-datatype-jdk8-2.13.1.jar;D:\Repository\com\fasterxml\jackson\datatype\jackson-datatype-jsr310\2.13.1\jackson-datatype-jsr310-2.13.1.jar;D:\Repository\com\fasterxml\jackson\module\jackson-module-parameter-names\2.13.1\jackson-module-parameter-names-2.13.1.jar;D:\Repository\org\springframework\boot\spring-boot-starter-tomcat\2.6.4\spring-boot-starter-tomcat-2.6.4.jar;D:\Repository\org\apache\tomcat\embed\tomcat-embed-core\9.0.58\tomcat-embed-core-9.0.58.jar;D:\Repository\org\apache\tomcat\embed\tomcat-embed-el\9.0.58\tomcat-embed-el-9.0.58.jar;D:\Repository\org\apache\tomcat\embed\tomcat-embed-websocket\9.0.58\tomcat-embed-websocket-9.0.58.jar;D:\Repository\org\springframework\spring-web\5.3.16\spring-web-5.3.16.jar;D:\Repository\org\springframework\spring-beans\5.3.16\spring-beans-5.3.16.jar;D:\Repository\org\springframework\spring-webmvc\5.3.16\spring-webmvc-5.3.16.jar;D:\Repository\org\springframework\spring-aop\5.3.16\spring-aop-5.3.16.jar;D:\Repository\org\springframework\spring-context\5.3.16\spring-context-5.3.16.jar;D:\Repository\org\springframework\spring-expression\5.3.16\spring-expression-5.3.16.jar;D:\Repository\org\projectlombok\lombok\1.18.22\lombok-1.18.22.jar;D:\Repository\org\springframework\boot\spring-boot-starter-test\2.6.4\spring-boot-starter-test-2.6.4.jar;D:\Repository\org\springframework\boot\spring-boot-test\2.6.4\spring-boot-test-2.6.4.jar;D:\Repository\org\springframework\boot\spring-boot-test-autoconfigure\2.6.4\spring-boot-test-autoconfigure-2.6.4.jar;D:\Repository\com\jayway\jsonpath\json-path\2.6.0\json-path-2.6.0.jar;D:\Repository\net\minidev\json-smart\2.4.8\json-smart-2.4.8.jar;D:\Repository\net\minidev\accessors-smart\2.4.8\accessors-smart-2.4.8.jar;D:\Repository\org\ow2\asm\asm\9.1\asm-9.1.jar;D:\Repository\org\slf4j\slf4j-api\1.7.36\slf4j-api-1.7.36.jar;D:\Repository\jakarta\xml\bind\jakarta.xml.bind-api\2.3.3\jakarta.xml.bind-api-2.3.3.jar;D:\Repository\jakarta\activation\jakarta.activation-api\1.2.2\jakarta.activation-api-1.2.2.jar;D:\Repository\org\assertj\assertj-core\3.21.0\assertj-core-3.21.0.jar;D:\Repository\org\hamcrest\hamcrest\2.2\hamcrest-2.2.jar;D:\Repository\org\junit\jupiter\junit-jupiter\5.8.2\junit-jupiter-5.8.2.jar;D:\Repository\org\junit\jupiter\junit-jupiter-api\5.8.2\junit-jupiter-api-5.8.2.jar;D:\Repository\org\opentest4j\opentest4j\1.2.0\opentest4j-1.2.0.jar;D:\Repository\org\junit\platform\junit-platform-commons\1.8.2\junit-platform-commons-1.8.2.jar;D:\Repository\org\apiguardian\apiguardian-api\1.1.2\apiguardian-api-1.1.2.jar;D:\Repository\org\junit\jupiter\junit-jupiter-params\5.8.2\junit-jupiter-params-5.8.2.jar;D:\Repository\org\junit\jupiter\junit-jupiter-engine\5.8.2\junit-jupiter-engine-5.8.2.jar;D:\Repository\org\junit\platform\junit-platform-engine\1.8.2\junit-platform-engine-1.8.2.jar;D:\Repository\org\mockito\mockito-core\4.0.0\mockito-core-4.0.0.jar;D:\Repository\net\bytebuddy\byte-buddy\1.11.22\byte-buddy-1.11.22.jar;D:\Repository\net\bytebuddy\byte-buddy-agent\1.11.22\byte-buddy-agent-1.11.22.jar;D:\Repository\org\objenesis\objenesis\3.2\objenesis-3.2.jar;D:\Repository\org\mockito\mockito-junit-jupiter\4.0.0\mockito-junit-jupiter-4.0.0.jar;D:\Repository\org\skyscreamer\jsonassert\1.5.0\jsonassert-1.5.0.jar;D:\Repository\com\vaadin\external\google\android-json\0.0.20131108.vaadin1\android-json-0.0.20131108.vaadin1.jar;D:\Repository\org\springframework\spring-core\5.3.16\spring-core-5.3.16.jar;D:\Repository\org\springframework\spring-jcl\5.3.16\spring-jcl-5.3.16.jar;D:\Repository\org\springframework\spring-test\5.3.16\spring-test-5.3.16.jar;D:\Repository\org\xmlunit\xmlunit-core\2.8.4\xmlunit-core-2.8.4.jar;"/>
    <property name="sun.cpu.endian" value="little"/>
    <property name="user.home" value="C:\Users\dell"/>
    <property name="user.language" value="zh"/>
    <property name="java.specification.vendor" value="Oracle Corporation"/>
    <property name="java.home" value="E:\Java\jdk1.8.0_201\jre"/>
    <property name="basedir" value="D:\developingHome\java\idea\2021dev\117git\helloworld0302git"/>
    <property name="file.separator" value="\"/>
    <property name="line.separator" value="&#10;"/>
    <property name="java.vm.specification.vendor" value="Oracle Corporation"/>
    <property name="java.specification.name" value="Java Platform API Specification"/>
    <property name="java.awt.graphicsenv" value="sun.awt.Win32GraphicsEnvironment"/>
    <property name="surefire.real.class.path" value="C:\Users\dell\AppData\Local\Temp\surefire8570656528412738679\surefirebooter1704332452803761559.jar"/>
    <property name="sun.boot.class.path" value="E:\Java\jdk1.8.0_201\jre\lib\resources.jar;E:\Java\jdk1.8.0_201\jre\lib\rt.jar;E:\Java\jdk1.8.0_201\jre\lib\sunrsasign.jar;E:\Java\jdk1.8.0_201\jre\lib\jsse.jar;E:\Java\jdk1.8.0_201\jre\lib\jce.jar;E:\Java\jdk1.8.0_201\jre\lib\charsets.jar;E:\Java\jdk1.8.0_201\jre\lib\jfr.jar;E:\Java\jdk1.8.0_201\jre\classes"/>
    <property name="user.script" value=""/>
    <property name="sun.management.compiler" value="HotSpot 64-Bit Tiered Compilers"/>
    <property name="java.runtime.version" value="1.8.0_201-b09"/>
    <property name="user.name" value="dell"/>
    <property name="path.separator" value=";"/>
    <property name="os.version" value="10.0"/>
    <property name="java.endorsed.dirs" value="E:\Java\jdk1.8.0_201\jre\lib\endorsed"/>
    <property name="java.runtime.name" value="Java(TM) SE Runtime Environment"/>
    <property name="file.encoding" value="GBK"/>
    <property name="java.vm.name" value="Java HotSpot(TM) 64-Bit Server VM"/>
    <property name="localRepository" value="D:\Repository"/>
    <property name="java.vendor.url.bug" value="http://bugreport.sun.com/bugreport/"/>
    <property name="java.io.tmpdir" value="C:\Users\dell\AppData\Local\Temp\"/>
    <property name="idea.version" value="2021.1.3"/>
    <property name="java.version" value="1.8.0_201"/>
    <property name="user.dir" value="D:\developingHome\java\idea\2021dev\117git\helloworld0302git"/>
    <property name="os.arch" value="amd64"/>
    <property name="java.vm.specification.name" value="Java Virtual Machine Specification"/>
    <property name="java.awt.printerjob" value="sun.awt.windows.WPrinterJob"/>
    <property name="sun.os.patch.level" value=""/>
    <property name="java.library.path" value="E:\Java\jdk1.8.0_201\jre\bin;C:\Windows\Sun\Java\bin;C:\Windows\system32;C:\Windows;E:\java\jdk1.8.0_201\bin;E:\java\jdk1.8.0_201\jre\bin;C:\Program Files (x86)\Common Files\Oracle\Java\javapath;C:\ProgramData\Oracle\Java\javapath;d:\anaconda3;d:\anaconda3\library\mingw-w64\bin;d:\anaconda3\library\usr\bin;d:\anaconda3\library\bin;d:\anaconda3\scripts;d:\vmware\bin\;d:\python3.7.5\scripts\;d:\python3.7.5\;C:\Windows\system32;C:\Windows;C:\Windows\system32\wbem;C:\Windows\system32\windowspowershell\v1.0\;C:\Windows\system32\openssh\;c:\program files\ibm\gsk8\lib64;c:\program files (x86)\ibm\gsk8\lib;D:\git\Git\cmd;D:\nodejs\;D:\nodejs\node_global;C:\Users\dell\Desktop\new test\admin;D:\apache-tomcat-7.0.109-windows-x64\apache-tomcat-7.0.109\bin;D:\apache-tomcat-7.0.109-windows-x64\apache-tomcat-7.0.109\lib;E:\mysql-8.0.25-winx64\bin;D:\apache-maven-3.8.1\bin;&quot;;E:\java\jdk1.8.0_201\bin;E:\java\jdk1.8.0_201\jre\bin&quot;;C:\ORACLE\instantclient_11_2;D:\redis\;;C:\Program Files\TortoiseGit\bin;C:\Program Files\Go\bin;C:\Users\dell\AppData\Local\Microsoft\WindowsApps;;D:\PyCharm\PyCharm Community Edition 2020.3.2\bin;;D:\idea\IntelliJ IDEA Community Edition 2020.1\bin;;C:\Users\dell\AppData\Roaming\npm;D:\Microsoft VS Code\bin;D:\IDEA2020.3.3\IntelliJ IDEA 2020.3.3\bin;;D:\golangide2020ide\GoLand 2020.1\bin;;C:\Users\dell\go\bin;."/>
    <property name="java.vm.info" value="mixed mode"/>
    <property name="java.vendor" value="Oracle Corporation"/>
    <property name="java.vm.version" value="25.201-b09"/>
    <property name="java.ext.dirs" value="E:\Java\jdk1.8.0_201\jre\lib\ext;C:\Windows\Sun\Java\lib\ext"/>
    <property name="sun.io.unicode.encoding" value="UnicodeLittle"/>
    <property name="maven.repo.local" value="D:\Repository"/>
    <property name="java.class.version" value="52.0"/>
  </properties>
  <testcase name="contextLoads" classname="com.example.helloworld.HelloworldApplicationTests" time="0.214"/>
</testsuite>